<?xml version="1.0" encoding="UTF-8"?>
<!-- Generated by org.testng.reporters.JUnitXMLReporter -->
<testsuite hostname="Autobots" ignored="0" name="Free CRM App Test Cases" tests="3" failures="0" timestamp="02 Jun 2018 20:26:17 GMT" time="43.092" errors="0">
  <testcase name="loginPageTitleTest" time="0.052" classname="com.crm.qa.testcases.LoginPageTest"/>
  <testcase name="loginTest" time="7.377" classname="com.crm.qa.testcases.LoginPageTest"/>
  <testcase name="crmLogoImageTest" time="0.066" classname="com.crm.qa.testcases.LoginPageTest"/>
</testsuite> <!-- Free CRM App Test Cases -->
