<?xml version="1.0" encoding="UTF-8"?>
<testng-results skipped="0" failed="0" ignored="0" total="3" passed="3">
  <reporter-output>
  </reporter-output>
  <suite name="FREE CRM Application Test Automation Test Suite" duration-ms="43092" started-at="2018-06-02T20:25:33Z" finished-at="2018-06-02T20:26:16Z">
    <groups>
    </groups>
    <test name="Free CRM App Test Cases" duration-ms="43092" started-at="2018-06-02T20:25:33Z" finished-at="2018-06-02T20:26:16Z">
      <class name="com.crm.qa.testcases.LoginPageTest">
        <test-method status="PASS" signature="setUp()[pri:0, instance:com.crm.qa.testcases.LoginPageTest@1d371b2d]" name="setUp" is-config="true" duration-ms="16135" started-at="2018-06-03T01:55:33Z" finished-at="2018-06-03T01:55:50Z">
          <reporter-output>
          </reporter-output>
        </test-method> <!-- setUp -->
        <test-method status="PASS" signature="loginPageTitleTest()[pri:1, instance:com.crm.qa.testcases.LoginPageTest@1d371b2d]" name="loginPageTitleTest" duration-ms="52" started-at="2018-06-03T01:55:50Z" finished-at="2018-06-03T01:55:50Z">
          <reporter-output>
          </reporter-output>
        </test-method> <!-- loginPageTitleTest -->
        <test-method status="PASS" signature="tearDown()[pri:0, instance:com.crm.qa.testcases.LoginPageTest@1d371b2d]" name="tearDown" is-config="true" duration-ms="964" started-at="2018-06-03T01:55:50Z" finished-at="2018-06-03T01:55:51Z">
          <reporter-output>
          </reporter-output>
        </test-method> <!-- tearDown -->
        <test-method status="PASS" signature="setUp()[pri:0, instance:com.crm.qa.testcases.LoginPageTest@1d371b2d]" name="setUp" is-config="true" duration-ms="7940" started-at="2018-06-03T01:55:51Z" finished-at="2018-06-03T01:55:58Z">
          <reporter-output>
          </reporter-output>
        </test-method> <!-- setUp -->
        <test-method status="PASS" signature="loginTest()[pri:1, instance:com.crm.qa.testcases.LoginPageTest@1d371b2d]" name="loginTest" duration-ms="7377" started-at="2018-06-03T01:55:58Z" finished-at="2018-06-03T01:56:06Z">
          <reporter-output>
          </reporter-output>
        </test-method> <!-- loginTest -->
        <test-method status="PASS" signature="tearDown()[pri:0, instance:com.crm.qa.testcases.LoginPageTest@1d371b2d]" name="tearDown" is-config="true" duration-ms="714" started-at="2018-06-03T01:56:06Z" finished-at="2018-06-03T01:56:07Z">
          <reporter-output>
          </reporter-output>
        </test-method> <!-- tearDown -->
        <test-method status="PASS" signature="setUp()[pri:0, instance:com.crm.qa.testcases.LoginPageTest@1d371b2d]" name="setUp" is-config="true" duration-ms="8806" started-at="2018-06-03T01:56:07Z" finished-at="2018-06-03T01:56:15Z">
          <reporter-output>
          </reporter-output>
        </test-method> <!-- setUp -->
        <test-method status="PASS" signature="crmLogoImageTest()[pri:2, instance:com.crm.qa.testcases.LoginPageTest@1d371b2d]" name="crmLogoImageTest" duration-ms="66" started-at="2018-06-03T01:56:15Z" finished-at="2018-06-03T01:56:15Z">
          <reporter-output>
          </reporter-output>
        </test-method> <!-- crmLogoImageTest -->
        <test-method status="PASS" signature="tearDown()[pri:0, instance:com.crm.qa.testcases.LoginPageTest@1d371b2d]" name="tearDown" is-config="true" duration-ms="1006" started-at="2018-06-03T01:56:15Z" finished-at="2018-06-03T01:56:16Z">
          <reporter-output>
          </reporter-output>
        </test-method> <!-- tearDown -->
      </class> <!-- com.crm.qa.testcases.LoginPageTest -->
    </test> <!-- Free CRM App Test Cases -->
  </suite> <!-- FREE CRM Application Test Automation Test Suite -->
</testng-results>
